smartcampus/app/build/intermediates/manifest_merge_blame_file/debug/manifest-merger-blame-debug-report.txt
1<?xml version="1.0" encoding="utf-8"?>
2<manifest xmlns:android="http://schemas.android.com/apk/res/android"
3    package="com.selim.smartcampus"
4    android:versionCode="1"
5    android:versionName="1.0" >
6
7    <uses-sdk
8        android:minSdkVersion="24"
9        android:targetSdkVersion="34" />
10
11    <permission
11-->[androidx.core:core:1.12.0] AndroidManifest.xml:22:5-24:47
12        android:name="com.selim.smartcampus.DYNAMIC_RECEIVER_NOT_EXPORTED_PERMISSION"
12-->[androidx.core:core:1.12.0] AndroidManifest.xml:23:9-81
13        android:protectionLevel="signature" />
13-->[androidx.core:core:1.12.0] AndroidManifest.xml:24:9-44
14
15    <uses-permission android:name="com.selim.smartcampus.DYNAMIC_RECEIVER_NOT_EXPORTED_PERMISSION" />
15-->[androidx.core:core:1.12.0] AndroidManifest.xml:26:5-97
15-->[androidx.core:core:1.12.0] AndroidManifest.xml:26:22-94
16
17    <application
17-->src\main\AndroidManifest.xml:5:5-22:19
18        android:allowBackup="true"
18-->src\main\AndroidManifest.xml:6:9-35
19        android:appComponentFactory="androidx.core.app.CoreComponentFactory"
19-->[androidx.core:core:1.12.0] AndroidManifest.xml:28:18-86
20        android:debuggable="true"
21        android:extractNativeLibs="false"
22        android:label="Smart Campus"
22-->src\main\AndroidManifest.xml:7:9-37
23        android:supportsRtl="true"
23-->src\main\AndroidManifest.xml:8:9-35
24        android:testOnly="true"
25        android:theme="@android:style/Theme.Material.Light.NoActionBar" >
25-->src\main\AndroidManifest.xml:9:9-72
26        <activity
26-->src\main\AndroidManifest.xml:11:9-21:20
27            android:name="com.selim.smartcampus.MainActivity"
27-->src\main\AndroidManifest.xml:12:13-41
28            android:exported="true"
28-->src\main\AndroidManifest.xml:13:13-36
29            android:label="Smart Campus"
29-->src\main\AndroidManifest.xml:14:13-41
30            android:theme="@android:style/Theme.Material.Light.NoActionBar" >
30-->src\main\AndroidManifest.xml:15:13-76
31            <intent-filter>
31-->src\main\AndroidManifest.xml:16:13-20:29
32                <action android:name="android.intent.action.MAIN" />
32-->src\main\AndroidManifest.xml:17:17-69
32-->src\main\AndroidManifest.xml:17:25-66
33
34                <category android:name="android.intent.category.LAUNCHER" />
34-->src\main\AndroidManifest.xml:19:17-77
34-->src\main\AndroidManifest.xml:19:27-74
35            </intent-filter>
36        </activity>
37        <activity
37-->[androidx.compose.ui:ui-test-manifest:1.5.1] AndroidManifest.xml:23:9-25:39
38            android:name="androidx.activity.ComponentActivity"
38-->[androidx.compose.ui:ui-test-manifest:1.5.1] AndroidManifest.xml:24:13-63
39            android:exported="true" />
39-->[androidx.compose.ui:ui-test-manifest:1.5.1] AndroidManifest.xml:25:13-36
40
41        <provider
41-->[androidx.emoji2:emoji2:1.4.0] AndroidManifest.xml:24:9-32:20
42            android:name="androidx.startup.InitializationProvider"
42-->[androidx.emoji2:emoji2:1.4.0] AndroidManifest.xml:25:13-67
43            android:authorities="com.selim.smartcampus.androidx-startup"
43-->[androidx.emoji2:emoji2:1.4.0] AndroidManifest.xml:26:13-68
44            android:exported="false" >
44-->[androidx.emoji2:emoji2:1.4.0] AndroidManifest.xml:27:13-37
45            <meta-data
45-->[androidx.emoji2:emoji2:1.4.0] AndroidManifest.xml:29:13-31:52
46                android:name="androidx.emoji2.text.EmojiCompatInitializer"
46-->[androidx.emoji2:emoji2:1.4.0] AndroidManifest.xml:30:17-75
47                android:value="androidx.startup" />
47-->[androidx.emoji2:emoji2:1.4.0] AndroidManifest.xml:31:17-49
48            <meta-data
48-->[androidx.lifecycle:lifecycle-process:2.7.0] AndroidManifest.xml:29:13-31:52
49                android:name="androidx.lifecycle.ProcessLifecycleInitializer"
49-->[androidx.lifecycle:lifecycle-process:2.7.0] AndroidManifest.xml:30:17-78
50                android:value="androidx.startup" />
50-->[androidx.lifecycle:lifecycle-process:2.7.0] AndroidManifest.xml:31:17-49
51            <meta-data
51-->[androidx.profileinstaller:profileinstaller:1.3.0] AndroidManifest.xml:29:13-31:52
52                android:name="androidx.profileinstaller.ProfileInstallerInitializer"
52-->[androidx.profileinstaller:profileinstaller:1.3.0] AndroidManifest.xml:30:17-85
53                android:value="androidx.startup" />
53-->[androidx.profileinstaller:profileinstaller:1.3.0] AndroidManifest.xml:31:17-49
54        </provider>
55
56        <activity
56-->[androidx.compose.ui:ui-tooling-android:1.5.1] AndroidManifest.xml:23:9-25:39
57            android:name="androidx.compose.ui.tooling.PreviewActivity"
57-->[androidx.compose.ui:ui-tooling-android:1.5.1] AndroidManifest.xml:24:13-71
58            android:exported="true" />
58-->[androidx.compose.ui:ui-tooling-android:1.5.1] AndroidManifest.xml:25:13-36
59
60        <service
60-->[androidx.room:room-runtime:2.6.1] AndroidManifest.xml:24:9-28:63
61            android:name="androidx.room.MultiInstanceInvalidationService"
61-->[androidx.room:room-runtime:2.6.1] AndroidManifest.xml:25:13-74
62            android:directBootAware="true"
62-->[androidx.room:room-runtime:2.6.1] AndroidManifest.xml:26:13-43
63            android:exported="false" />
63-->[androidx.room:room-runtime:2.6.1] AndroidManifest.xml:27:13-37
64
65        <receiver
65-->[androidx.profileinstaller:profileinstaller:1.3.0] AndroidManifest.xml:34:9-52:20
66            android:name="androidx.profileinstaller.ProfileInstallReceiver"
66-->[androidx.profileinstaller:profileinstaller:1.3.0] AndroidManifest.xml:35:13-76
67            android:directBootAware="false"
67-->[androidx.profileinstaller:profileinstaller:1.3.0] AndroidManifest.xml:36:13-44
68            android:enabled="true"
68-->[androidx.profileinstaller:profileinstaller:1.3.0] AndroidManifest.xml:37:13-35
69            android:exported="true"
69-->[androidx.profileinstaller:profileinstaller:1.3.0] AndroidManifest.xml:38:13-36
70            android:permission="android.permission.DUMP" >
70-->[androidx.profileinstaller:profileinstaller:1.3.0] AndroidManifest.xml:39:13-57
71            <intent-filter>
71-->[androidx.profileinstaller:profileinstaller:1.3.0] AndroidManifest.xml:40:13-42:29
72                <action android:name="androidx.profileinstaller.action.INSTALL_PROFILE" />
72-->[androidx.profileinstaller:profileinstaller:1.3.0] AndroidManifest.xml:41:17-91
72-->[androidx.profileinstaller:profileinstaller:1.3.0] AndroidManifest.xml:41:25-88
73            </intent-filter>
74            <intent-filter>
74-->[androidx.profileinstaller:profileinstaller:1.3.0] AndroidManifest.xml:43:13-45:29
75                <action android:name="androidx.profileinstaller.action.SKIP_FILE" />
75-->[androidx.profileinstaller:profileinstaller:1.3.0] AndroidManifest.xml:44:17-85
75-->[androidx.profileinstaller:profileinstaller:1.3.0] AndroidManifest.xml:44:25-82
76            </intent-filter>
77            <intent-filter>
77-->[androidx.profileinstaller:profileinstaller:1.3.0] AndroidManifest.xml:46:13-48:29
78                <action android:name="androidx.profileinstaller.action.SAVE_PROFILE" />
78-->[androidx.profileinstaller:profileinstaller:1.3.0] AndroidManifest.xml:47:17-88
78-->[androidx.profileinstaller:profileinstaller:1.3.0] AndroidManifest.xml:47:25-85
79            </intent-filter>
80            <intent-filter>
80-->[androidx.profileinstaller:profileinstaller:1.3.0] AndroidManifest.xml:49:13-51:29
81                <action android:name="androidx.profileinstaller.action.BENCHMARK_OPERATION" />
81-->[androidx.profileinstaller:profileinstaller:1.3.0] AndroidManifest.xml:50:17-95
81-->[androidx.profileinstaller:profileinstaller:1.3.0] AndroidManifest.xml:50:25-92
82            </intent-filter>
83        </receiver>
84    </application>
85
86</manifest>